{"contracts\\AegisAudit.sol":{"l":{"112":23,"113":19,"117":33,"121":33,"125":3,"126":3,"131":123,"132":123,"137":11,"138":10,"139":9,"140":9,"144":2,"145":2,"146":1,"147":1,"151":3,"152":2,"153":2,"157":2,"158":2,"172":31,"173":31,"174":31,"176":30,"185":30,"198":30,"199":30,"200":30,"201":30,"202":30,"203":30,"205":30,"206":30,"208":30,"210":30,"211":30,"213":30,"226":26,"238":3,"250":2,"251":2,"252":2,"253":2,"263":2,"264":2,"265":1,"267":1,"268":1,"269":1,"271":1,"272":2,"273":2,"274":2,"276":2,"286":2,"299":2,"300":2,"301":2,"302":2,"303":2,"304":2,"305":2,"306":2,"308":2,"309":2,"312":1,"313":1,"323":2,"331":0,"339":0,"347":0,"348":0,"350":0,"351":0,"354":0,"355":0,"359":4,"363":0,"372":2,"380":2,"388":3,"389":3,"397":2,"399":2,"400":2,"401":2,"403":2,"404":2,"405":2,"408":2,"416":1,"418":1,"419":1,"420":1,"422":1,"423":1,"426":1,"427":1,"429":1,"430":3,"431":3,"432":4,"433":4,"434":4,"435":4,"436":4,"442":1,"446":1,"460":1,"461":1,"463":1,"464":2,"465":2,"466":2,"468":2,"469":1,"471":2,"472":0,"487":1,"488":1,"490":1,"491":1,"493":1,"494":2,"495":2,"496":2,"497":1,"498":1,"499":1,"502":2,"503":1,"504":1,"508":1,"510":1,"511":1,"512":1,"514":1,"519":0,"520":0,"521":0,"522":0,"526":0,"528":0,"529":0,"530":0,"531":0,"532":0,"533":0,"537":0,"538":0,"544":0,"545":0,"546":0,"547":0,"548":0,"549":0,"552":0,"555":0,"556":0,"559":0,"563":32,"564":32,"571":1,"575":3,"579":2},"path":"C:\\Users\\Mahantesh\\DevelopmentProjects\\Aegis\\blockchain\\contracts\\AegisAudit.sol","s":{"1":23,"2":33,"3":3,"4":11,"5":10,"6":9,"7":2,"8":2,"9":1,"10":3,"11":2,"12":31,"13":31,"14":31,"15":30,"16":30,"17":30,"18":30,"19":30,"20":30,"21":30,"22":30,"23":30,"24":30,"25":30,"26":30,"27":26,"28":3,"29":2,"30":2,"31":2,"32":2,"33":2,"34":1,"35":1,"36":1,"37":1,"38":1,"39":2,"40":2,"41":2,"42":2,"43":2,"44":2,"45":2,"46":2,"47":2,"48":2,"49":2,"50":2,"51":1,"52":1,"53":2,"54":0,"55":0,"56":0,"57":0,"58":0,"59":0,"60":0,"61":4,"62":0,"63":2,"64":2,"65":3,"66":3,"67":2,"68":2,"69":2,"70":2,"71":2,"72":2,"73":2,"74":1,"75":1,"76":1,"77":1,"78":1,"79":1,"80":1,"81":1,"82":3,"83":3,"84":4,"85":4,"86":4,"87":1,"88":1,"89":1,"90":2,"91":2,"92":2,"93":2,"94":1,"95":1,"96":1,"97":2,"98":2,"99":2,"100":1,"101":2,"102":1,"103":1,"104":0,"105":0,"106":0,"107":0,"108":0,"109":0,"110":0,"111":0,"112":0,"113":0,"114":0,"115":0,"116":0,"117":0,"118":0,"119":0,"120":0,"121":32,"122":32,"123":3,"124":2},"b":{"1":[19,4],"2":[33,0],"3":[28,5],"4":[3,0],"5":[11,1],"6":[10,1],"7":[9,1],"8":[2,0],"9":[2,0],"10":[1,1],"11":[3,1],"12":[2,1],"13":[2,1],"14":[31,0],"15":[31,0],"16":[30,1],"17":[26,0],"18":[3,0],"19":[2,0],"20":[2,0],"21":[2,0],"22":[1,1],"23":[1,0],"24":[2,0],"25":[2,0],"26":[2,0],"27":[0,0],"28":[0,0],"29":[3,0],"30":[2,0],"31":[1,1],"32":[1,0],"33":[4,0],"34":[4,0],"35":[2,0],"36":[1,1],"37":[0,2],"38":[1,0],"39":[1,1],"40":[1,0],"41":[0,0],"42":[0,0],"43":[0,0],"44":[0,0],"45":[0,0],"46":[0,0],"47":[1,1],"48":[1,0]},"f":{"1":23,"2":33,"3":3,"4":123,"5":11,"6":2,"7":3,"8":2,"9":31,"10":26,"11":3,"12":2,"13":2,"14":2,"15":0,"16":0,"17":0,"18":4,"19":0,"20":2,"21":2,"22":3,"23":2,"24":1,"25":1,"26":1,"27":0,"28":0,"29":32,"30":1,"31":3,"32":2},"fnMap":{"1":{"name":"onlyOwner","line":111,"loc":{"start":{"line":111,"column":4},"end":{"line":114,"column":4}}},"2":{"name":"onlyAuthorized","line":116,"loc":{"start":{"line":116,"column":4},"end":{"line":122,"column":4}}},"3":{"name":"logExists","line":124,"loc":{"start":{"line":124,"column":4},"end":{"line":127,"column":4}}},"4":{"name":"constructor","line":130,"loc":{"start":{"line":130,"column":4},"end":{"line":133,"column":4}}},"5":{"name":"addAuthorizedLogger","line":136,"loc":{"start":{"line":136,"column":4},"end":{"line":141,"column":4}}},"6":{"name":"removeAuthorizedLogger","line":143,"loc":{"start":{"line":143,"column":4},"end":{"line":148,"column":4}}},"7":{"name":"transferOwnership","line":150,"loc":{"start":{"line":150,"column":4},"end":{"line":154,"column":4}}},"8":{"name":"setEmergencyMode","line":156,"loc":{"start":{"line":156,"column":4},"end":{"line":159,"column":4}}},"9":{"name":"_createLogInternal","line":165,"loc":{"start":{"line":165,"column":4},"end":{"line":214,"column":4}}},"10":{"name":"createLog","line":225,"loc":{"start":{"line":219,"column":4},"end":{"line":227,"column":4}}},"11":{"name":"createLog","line":237,"loc":{"start":{"line":232,"column":4},"end":{"line":239,"column":4}}},"12":{"name":"emergencyLog","line":249,"loc":{"start":{"line":244,"column":4},"end":{"line":254,"column":4}}},"13":{"name":"batchCreateLogs","line":262,"loc":{"start":{"line":259,"column":4},"end":{"line":314,"column":4}}},"14":{"name":"getLog","line":320,"loc":{"start":{"line":317,"column":4},"end":{"line":324,"column":4}}},"15":{"name":"getTenantLogs","line":326,"loc":{"start":{"line":326,"column":4},"end":{"line":332,"column":4}}},"16":{"name":"getTenantLogCount","line":334,"loc":{"start":{"line":334,"column":4},"end":{"line":340,"column":4}}},"17":{"name":"verifyLog","line":344,"loc":{"start":{"line":342,"column":4},"end":{"line":356,"column":4}}},"18":{"name":"getLogCount","line":358,"loc":{"start":{"line":358,"column":4},"end":{"line":360,"column":4}}},"19":{"name":"getAllLogs","line":362,"loc":{"start":{"line":362,"column":4},"end":{"line":364,"column":4}}},"20":{"name":"getLogsByEventType","line":367,"loc":{"start":{"line":367,"column":4},"end":{"line":373,"column":4}}},"21":{"name":"getLogsByActor","line":375,"loc":{"start":{"line":375,"column":4},"end":{"line":381,"column":4}}},"22":{"name":"getLogsBySeverity","line":383,"loc":{"start":{"line":383,"column":4},"end":{"line":390,"column":4}}},"23":{"name":"getRecentLogs","line":392,"loc":{"start":{"line":392,"column":4},"end":{"line":409,"column":4}}},"24":{"name":"getLogsByTimeRange","line":411,"loc":{"start":{"line":411,"column":4},"end":{"line":447,"column":4}}},"25":{"name":"getComplianceSummary","line":450,"loc":{"start":{"line":450,"column":4},"end":{"line":475,"column":4}}},"26":{"name":"getAuditStatistics","line":477,"loc":{"start":{"line":477,"column":4},"end":{"line":515,"column":4}}},"27":{"name":"subscribeToEvent","line":518,"loc":{"start":{"line":518,"column":4},"end":{"line":523,"column":4}}},"28":{"name":"unsubscribeFromEvent","line":525,"loc":{"start":{"line":525,"column":4},"end":{"line":560,"column":4}}},"29":{"name":"_notifySubscribers","line":562,"loc":{"start":{"line":562,"column":4},"end":{"line":567,"column":4}}},"30":{"name":"archiveLog","line":570,"loc":{"start":{"line":570,"column":4},"end":{"line":572,"column":4}}},"31":{"name":"getEmergencyLogCount","line":574,"loc":{"start":{"line":574,"column":4},"end":{"line":576,"column":4}}},"32":{"name":"isEmergencyMode","line":578,"loc":{"start":{"line":578,"column":4},"end":{"line":580,"column":4}}}},"statementMap":{"1":{"start":{"line":112,"column":8},"end":{"line":112,"column":72}},"2":{"start":{"line":117,"column":8},"end":{"line":117,"column":3908}},"3":{"start":{"line":125,"column":8},"end":{"line":125,"column":71}},"4":{"start":{"line":137,"column":8},"end":{"line":137,"column":57}},"5":{"start":{"line":138,"column":8},"end":{"line":138,"column":66}},"6":{"start":{"line":140,"column":8},"end":{"line":140,"column":38}},"7":{"start":{"line":144,"column":8},"end":{"line":144,"column":61}},"8":{"start":{"line":145,"column":8},"end":{"line":145,"column":56}},"9":{"start":{"line":147,"column":8},"end":{"line":147,"column":40}},"10":{"start":{"line":151,"column":8},"end":{"line":151,"column":58}},"11":{"start":{"line":158,"column":8},"end":{"line":158,"column":56}},"12":{"start":{"line":172,"column":8},"end":{"line":172,"column":67}},"13":{"start":{"line":173,"column":8},"end":{"line":173,"column":57}},"14":{"start":{"line":174,"column":8},"end":{"line":174,"column":72}},"15":{"start":{"line":176,"column":8},"end":{"line":176,"column":6012}},"16":{"start":{"line":185,"column":8},"end":{"line":185,"column":6229}},"17":{"start":{"line":199,"column":8},"end":{"line":199,"column":25}},"18":{"start":{"line":200,"column":8},"end":{"line":200,"column":40}},"19":{"start":{"line":201,"column":8},"end":{"line":201,"column":44}},"20":{"start":{"line":202,"column":8},"end":{"line":202,"column":40}},"21":{"start":{"line":203,"column":8},"end":{"line":203,"column":42}},"22":{"start":{"line":205,"column":8},"end":{"line":205,"column":51}},"23":{"start":{"line":206,"column":8},"end":{"line":206,"column":44}},"24":{"start":{"line":210,"column":8},"end":{"line":210,"column":93}},"25":{"start":{"line":211,"column":8},"end":{"line":211,"column":44}},"26":{"start":{"line":213,"column":8},"end":{"line":213,"column":20}},"27":{"start":{"line":226,"column":8},"end":{"line":226,"column":89}},"28":{"start":{"line":238,"column":8},"end":{"line":238,"column":93}},"29":{"start":{"line":250,"column":8},"end":{"line":250,"column":106}},"30":{"start":{"line":252,"column":8},"end":{"line":252,"column":79}},"31":{"start":{"line":253,"column":8},"end":{"line":253,"column":20}},"32":{"start":{"line":263,"column":8},"end":{"line":263,"column":66}},"33":{"start":{"line":264,"column":8},"end":{"line":264,"column":69}},"34":{"start":{"line":265,"column":8},"end":{"line":265,"column":57}},"35":{"start":{"line":267,"column":8},"end":{"line":267,"column":69}},"36":{"start":{"line":268,"column":8},"end":{"line":268,"column":45}},"37":{"start":{"line":269,"column":8},"end":{"line":269,"column":47}},"38":{"start":{"line":271,"column":8},"end":{"line":271,"column":9148}},"39":{"start":{"line":272,"column":12},"end":{"line":272,"column":52}},"40":{"start":{"line":273,"column":12},"end":{"line":273,"column":76}},"41":{"start":{"line":274,"column":12},"end":{"line":274,"column":81}},"42":{"start":{"line":276,"column":12},"end":{"line":276,"column":9436}},"43":{"start":{"line":286,"column":12},"end":{"line":286,"column":9705}},"44":{"start":{"line":301,"column":12},"end":{"line":301,"column":29}},"45":{"start":{"line":302,"column":12},"end":{"line":302,"column":44}},"46":{"start":{"line":303,"column":12},"end":{"line":303,"column":53}},"47":{"start":{"line":304,"column":12},"end":{"line":304,"column":44}},"48":{"start":{"line":305,"column":12},"end":{"line":305,"column":51}},"49":{"start":{"line":306,"column":12},"end":{"line":306,"column":48}},"50":{"start":{"line":309,"column":12},"end":{"line":309,"column":53}},"51":{"start":{"line":312,"column":8},"end":{"line":312,"column":95}},"52":{"start":{"line":313,"column":8},"end":{"line":313,"column":26}},"53":{"start":{"line":323,"column":8},"end":{"line":323,"column":27}},"54":{"start":{"line":331,"column":8},"end":{"line":331,"column":36}},"55":{"start":{"line":339,"column":8},"end":{"line":339,"column":43}},"56":{"start":{"line":347,"column":8},"end":{"line":347,"column":44}},"57":{"start":{"line":348,"column":8},"end":{"line":348,"column":54}},"58":{"start":{"line":350,"column":8},"end":{"line":350,"column":11581}},"59":{"start":{"line":354,"column":8},"end":{"line":354,"column":41}},"60":{"start":{"line":355,"column":8},"end":{"line":355,"column":22}},"61":{"start":{"line":359,"column":8},"end":{"line":359,"column":23}},"62":{"start":{"line":363,"column":8},"end":{"line":363,"column":21}},"63":{"start":{"line":372,"column":8},"end":{"line":372,"column":40}},"64":{"start":{"line":380,"column":8},"end":{"line":380,"column":32}},"65":{"start":{"line":388,"column":8},"end":{"line":388,"column":72}},"66":{"start":{"line":389,"column":8},"end":{"line":389,"column":38}},"67":{"start":{"line":397,"column":8},"end":{"line":397,"column":78}},"68":{"start":{"line":399,"column":8},"end":{"line":399,"column":41}},"69":{"start":{"line":400,"column":8},"end":{"line":400,"column":72}},"70":{"start":{"line":401,"column":8},"end":{"line":401,"column":52}},"71":{"start":{"line":403,"column":8},"end":{"line":403,"column":64}},"72":{"start":{"line":404,"column":8},"end":{"line":404,"column":13060}},"73":{"start":{"line":408,"column":8},"end":{"line":408,"column":25}},"74":{"start":{"line":416,"column":8},"end":{"line":416,"column":60}},"75":{"start":{"line":418,"column":8},"end":{"line":418,"column":47}},"76":{"start":{"line":419,"column":8},"end":{"line":419,"column":43}},"77":{"start":{"line":420,"column":8},"end":{"line":420,"column":33}},"78":{"start":{"line":422,"column":8},"end":{"line":422,"column":13562}},"79":{"start":{"line":426,"column":8},"end":{"line":426,"column":62}},"80":{"start":{"line":427,"column":8},"end":{"line":427,"column":31}},"81":{"start":{"line":429,"column":8},"end":{"line":429,"column":13813}},"82":{"start":{"line":430,"column":12},"end":{"line":430,"column":63}},"83":{"start":{"line":431,"column":12},"end":{"line":431,"column":13964}},"84":{"start":{"line":432,"column":16},"end":{"line":432,"column":45}},"85":{"start":{"line":433,"column":16},"end":{"line":433,"column":14083}},"86":{"start":{"line":434,"column":20},"end":{"line":434,"column":14188}},"87":{"start":{"line":446,"column":8},"end":{"line":446,"column":21}},"88":{"start":{"line":460,"column":8},"end":{"line":460,"column":61}},"89":{"start":{"line":463,"column":8},"end":{"line":463,"column":14930}},"90":{"start":{"line":464,"column":12},"end":{"line":464,"column":57}},"91":{"start":{"line":465,"column":12},"end":{"line":465,"column":15059}},"92":{"start":{"line":468,"column":12},"end":{"line":468,"column":15142}},"93":{"start":{"line":471,"column":12},"end":{"line":471,"column":15246}},"94":{"start":{"line":490,"column":8},"end":{"line":490,"column":62}},"95":{"start":{"line":491,"column":8},"end":{"line":491,"column":31}},"96":{"start":{"line":493,"column":8},"end":{"line":493,"column":15818}},"97":{"start":{"line":494,"column":12},"end":{"line":494,"column":55}},"98":{"start":{"line":495,"column":12},"end":{"line":495,"column":31}},"99":{"start":{"line":496,"column":12},"end":{"line":496,"column":15969}},"100":{"start":{"line":497,"column":16},"end":{"line":497,"column":16034}},"101":{"start":{"line":502,"column":12},"end":{"line":502,"column":16174}},"102":{"start":{"line":510,"column":8},"end":{"line":510,"column":33}},"103":{"start":{"line":511,"column":8},"end":{"line":511,"column":16382}},"104":{"start":{"line":519,"column":8},"end":{"line":519,"column":67}},"105":{"start":{"line":521,"column":8},"end":{"line":521,"column":54}},"106":{"start":{"line":522,"column":8},"end":{"line":522,"column":52}},"107":{"start":{"line":526,"column":8},"end":{"line":526,"column":62}},"108":{"start":{"line":528,"column":8},"end":{"line":528,"column":70}},"109":{"start":{"line":529,"column":8},"end":{"line":529,"column":17168}},"110":{"start":{"line":530,"column":12},"end":{"line":530,"column":17236}},"111":{"start":{"line":532,"column":16},"end":{"line":532,"column":32}},"112":{"start":{"line":537,"column":8},"end":{"line":537,"column":36}},"113":{"start":{"line":538,"column":8},"end":{"line":538,"column":17476}},"114":{"start":{"line":544,"column":8},"end":{"line":544,"column":17784}},"115":{"start":{"line":545,"column":12},"end":{"line":545,"column":69}},"116":{"start":{"line":546,"column":12},"end":{"line":546,"column":17923}},"117":{"start":{"line":547,"column":16},"end":{"line":547,"column":17988}},"118":{"start":{"line":552,"column":12},"end":{"line":552,"column":38}},"119":{"start":{"line":555,"column":8},"end":{"line":555,"column":18179}},"120":{"start":{"line":559,"column":8},"end":{"line":559,"column":54}},"121":{"start":{"line":563,"column":8},"end":{"line":563,"column":69}},"122":{"start":{"line":564,"column":8},"end":{"line":564,"column":18500}},"123":{"start":{"line":575,"column":8},"end":{"line":575,"column":32}},"124":{"start":{"line":579,"column":8},"end":{"line":579,"column":28}}},"branchMap":{"1":{"line":112,"type":"if","locations":[{"start":{"line":112,"column":8},"end":{"line":112,"column":8}},{"start":{"line":112,"column":8},"end":{"line":112,"column":8}}]},"2":{"line":117,"type":"if","locations":[{"start":{"line":117,"column":8},"end":{"line":117,"column":8}},{"start":{"line":117,"column":8},"end":{"line":117,"column":8}}]},"3":{"line":118,"type":"cond-expr","locations":[{"start":{"line":118,"column":12},"end":{"line":118,"column":30}},{"start":{"line":118,"column":35},"end":{"line":118,"column":63}}]},"4":{"line":125,"type":"if","locations":[{"start":{"line":125,"column":8},"end":{"line":125,"column":8}},{"start":{"line":125,"column":8},"end":{"line":125,"column":8}}]},"5":{"line":136,"type":"if","locations":[{"start":{"line":136,"column":60},"end":{"line":136,"column":60}},{"start":{"line":136,"column":60},"end":{"line":136,"column":60}}]},"6":{"line":137,"type":"if","locations":[{"start":{"line":137,"column":8},"end":{"line":137,"column":8}},{"start":{"line":137,"column":8},"end":{"line":137,"column":8}}]},"7":{"line":138,"type":"if","locations":[{"start":{"line":138,"column":8},"end":{"line":138,"column":8}},{"start":{"line":138,"column":8},"end":{"line":138,"column":8}}]},"8":{"line":143,"type":"if","locations":[{"start":{"line":143,"column":63},"end":{"line":143,"column":63}},{"start":{"line":143,"column":63},"end":{"line":143,"column":63}}]},"9":{"line":144,"type":"if","locations":[{"start":{"line":144,"column":8},"end":{"line":144,"column":8}},{"start":{"line":144,"column":8},"end":{"line":144,"column":8}}]},"10":{"line":145,"type":"if","locations":[{"start":{"line":145,"column":8},"end":{"line":145,"column":8}},{"start":{"line":145,"column":8},"end":{"line":145,"column":8}}]},"11":{"line":150,"type":"if","locations":[{"start":{"line":150,"column":59},"end":{"line":150,"column":59}},{"start":{"line":150,"column":59},"end":{"line":150,"column":59}}]},"12":{"line":151,"type":"if","locations":[{"start":{"line":151,"column":8},"end":{"line":151,"column":8}},{"start":{"line":151,"column":8},"end":{"line":151,"column":8}}]},"13":{"line":156,"type":"if","locations":[{"start":{"line":156,"column":55},"end":{"line":156,"column":55}},{"start":{"line":156,"column":55},"end":{"line":156,"column":55}}]},"14":{"line":172,"type":"if","locations":[{"start":{"line":172,"column":8},"end":{"line":172,"column":8}},{"start":{"line":172,"column":8},"end":{"line":172,"column":8}}]},"15":{"line":173,"type":"if","locations":[{"start":{"line":173,"column":8},"end":{"line":173,"column":8}},{"start":{"line":173,"column":8},"end":{"line":173,"column":8}}]},"16":{"line":174,"type":"if","locations":[{"start":{"line":174,"column":8},"end":{"line":174,"column":8}},{"start":{"line":174,"column":8},"end":{"line":174,"column":8}}]},"17":{"line":225,"type":"if","locations":[{"start":{"line":225,"column":15},"end":{"line":225,"column":15}},{"start":{"line":225,"column":15},"end":{"line":225,"column":15}}]},"18":{"line":237,"type":"if","locations":[{"start":{"line":237,"column":15},"end":{"line":237,"column":15}},{"start":{"line":237,"column":15},"end":{"line":237,"column":15}}]},"19":{"line":249,"type":"if","locations":[{"start":{"line":249,"column":15},"end":{"line":249,"column":15}},{"start":{"line":249,"column":15},"end":{"line":249,"column":15}}]},"20":{"line":262,"type":"if","locations":[{"start":{"line":262,"column":15},"end":{"line":262,"column":15}},{"start":{"line":262,"column":15},"end":{"line":262,"column":15}}]},"21":{"line":263,"type":"if","locations":[{"start":{"line":263,"column":8},"end":{"line":263,"column":8}},{"start":{"line":263,"column":8},"end":{"line":263,"column":8}}]},"22":{"line":264,"type":"if","locations":[{"start":{"line":264,"column":8},"end":{"line":264,"column":8}},{"start":{"line":264,"column":8},"end":{"line":264,"column":8}}]},"23":{"line":265,"type":"if","locations":[{"start":{"line":265,"column":8},"end":{"line":265,"column":8}},{"start":{"line":265,"column":8},"end":{"line":265,"column":8}}]},"24":{"line":273,"type":"if","locations":[{"start":{"line":273,"column":12},"end":{"line":273,"column":12}},{"start":{"line":273,"column":12},"end":{"line":273,"column":12}}]},"25":{"line":274,"type":"if","locations":[{"start":{"line":274,"column":12},"end":{"line":274,"column":12}},{"start":{"line":274,"column":12},"end":{"line":274,"column":12}}]},"26":{"line":320,"type":"if","locations":[{"start":{"line":320,"column":8},"end":{"line":320,"column":8}},{"start":{"line":320,"column":8},"end":{"line":320,"column":8}}]},"27":{"line":344,"type":"if","locations":[{"start":{"line":344,"column":8},"end":{"line":344,"column":8}},{"start":{"line":344,"column":8},"end":{"line":344,"column":8}}]},"28":{"line":350,"type":"if","locations":[{"start":{"line":350,"column":8},"end":{"line":350,"column":8}},{"start":{"line":350,"column":8},"end":{"line":350,"column":8}}]},"29":{"line":388,"type":"if","locations":[{"start":{"line":388,"column":8},"end":{"line":388,"column":8}},{"start":{"line":388,"column":8},"end":{"line":388,"column":8}}]},"30":{"line":397,"type":"if","locations":[{"start":{"line":397,"column":8},"end":{"line":397,"column":8}},{"start":{"line":397,"column":8},"end":{"line":397,"column":8}}]},"31":{"line":400,"type":"if","locations":[{"start":{"line":400,"column":50},"end":{"line":400,"column":67}},{"start":{"line":400,"column":71},"end":{"line":400,"column":71}}]},"32":{"line":416,"type":"if","locations":[{"start":{"line":416,"column":8},"end":{"line":416,"column":8}},{"start":{"line":416,"column":8},"end":{"line":416,"column":8}}]},"33":{"line":433,"type":"if","locations":[{"start":{"line":433,"column":16},"end":{"line":433,"column":16}},{"start":{"line":433,"column":16},"end":{"line":433,"column":16}}]},"34":{"line":434,"type":"if","locations":[{"start":{"line":434,"column":20},"end":{"line":434,"column":20}},{"start":{"line":434,"column":20},"end":{"line":434,"column":20}}]},"35":{"line":465,"type":"if","locations":[{"start":{"line":465,"column":12},"end":{"line":465,"column":12}},{"start":{"line":465,"column":12},"end":{"line":465,"column":12}}]},"36":{"line":468,"type":"if","locations":[{"start":{"line":468,"column":12},"end":{"line":468,"column":12}},{"start":{"line":468,"column":12},"end":{"line":468,"column":12}}]},"37":{"line":471,"type":"if","locations":[{"start":{"line":471,"column":12},"end":{"line":471,"column":12}},{"start":{"line":471,"column":12},"end":{"line":471,"column":12}}]},"38":{"line":497,"type":"if","locations":[{"start":{"line":497,"column":16},"end":{"line":497,"column":16}},{"start":{"line":497,"column":16},"end":{"line":497,"column":16}}]},"39":{"line":502,"type":"if","locations":[{"start":{"line":502,"column":12},"end":{"line":502,"column":12}},{"start":{"line":502,"column":12},"end":{"line":502,"column":12}}]},"40":{"line":514,"type":"if","locations":[{"start":{"line":514,"column":38},"end":{"line":514,"column":62}},{"start":{"line":514,"column":66},"end":{"line":514,"column":66}}]},"41":{"line":519,"type":"if","locations":[{"start":{"line":519,"column":8},"end":{"line":519,"column":8}},{"start":{"line":519,"column":8},"end":{"line":519,"column":8}}]},"42":{"line":526,"type":"if","locations":[{"start":{"line":526,"column":8},"end":{"line":526,"column":8}},{"start":{"line":526,"column":8},"end":{"line":526,"column":8}}]},"43":{"line":530,"type":"if","locations":[{"start":{"line":530,"column":12},"end":{"line":530,"column":12}},{"start":{"line":530,"column":12},"end":{"line":530,"column":12}}]},"44":{"line":547,"type":"if","locations":[{"start":{"line":547,"column":16},"end":{"line":547,"column":16}},{"start":{"line":547,"column":16},"end":{"line":547,"column":16}}]},"45":{"line":552,"type":"if","locations":[{"start":{"line":552,"column":12},"end":{"line":552,"column":12}},{"start":{"line":552,"column":12},"end":{"line":552,"column":12}}]},"46":{"line":555,"type":"if","locations":[{"start":{"line":555,"column":8},"end":{"line":555,"column":8}},{"start":{"line":555,"column":8},"end":{"line":555,"column":8}}]},"47":{"line":570,"type":"if","locations":[{"start":{"line":570,"column":49},"end":{"line":570,"column":49}},{"start":{"line":570,"column":49},"end":{"line":570,"column":49}}]},"48":{"line":570,"type":"if","locations":[{"start":{"line":570,"column":59},"end":{"line":570,"column":59}},{"start":{"line":570,"column":59},"end":{"line":570,"column":59}}]}}},"contracts\\IAegisAudit.sol":{"l":{},"path":"C:\\Users\\Mahantesh\\DevelopmentProjects\\Aegis\\blockchain\\contracts\\IAegisAudit.sol","s":{},"b":{},"f":{},"fnMap":{},"statementMap":{},"branchMap":{}}}